<?xml version="1.0" encoding="UTF-8"?>
<!-- Generated by org.testng.reporters.JUnitReportReporter -->
<testsuite hostname="Da3mon-PC" name="hu.pte.schafferg.cellarManager.test.ServiceTest" tests="1" failures="0" timestamp="31 Dec 2012 15:08:52 GMT" time="4.704" errors="0">
  <testcase name="test" time="4.704" classname="hu.pte.schafferg.cellarManager.test.ServiceTest"/>
</testsuite> <!-- hu.pte.schafferg.cellarManager.test.ServiceTest -->
