<?xml version="1.0" encoding="UTF-8"?>
<!-- Generated by org.testng.reporters.JUnitReportReporter -->
<testsuite hostname="Da3mon-PC" name="hu.pte.schafferg.cellarManager.test.ContactsServiceTest" tests="1" failures="0" timestamp="31 Dec 2012 13:22:10 GMT" time="0.432" errors="0">
  <testcase name="f" time="0.432" classname="hu.pte.schafferg.cellarManager.test.ContactsServiceTest"/>
</testsuite> <!-- hu.pte.schafferg.cellarManager.test.ContactsServiceTest -->
