<?xml version="1.0" encoding="UTF-8"?>
<!-- Generated by org.testng.reporters.JUnitReportReporter -->
<testsuite hostname="Da3mon-PC" name="hu.pte.schafferg.cellarManager.test.UserServiceTest" tests="1" failures="0" timestamp="31 Dec 2012 14:00:32 GMT" time="3.794" errors="0">
  <testcase name="test" time="3.794" classname="hu.pte.schafferg.cellarManager.test.UserServiceTest"/>
</testsuite> <!-- hu.pte.schafferg.cellarManager.test.UserServiceTest -->
